<?xml version="1.0" encoding="UTF-8"?>
<!-- Generated by org.testng.reporters.JUnitXMLReporter -->
<testsuite hostname="LAPTOP-UFV4LUOB" ignored="0" name="Test" tests="5" failures="1" timestamp="2020-07-02T12:29:51 EDT" time="31.326" errors="0">
  <testcase name="verifyTitleTest" time="4.019" classname="com.bolt.ui.tests.BoltTestCases"/>
  <testcase name="verifyTourTitleTest" time="5.955" classname="com.bolt.ui.tests.BoltTestCases"/>
  <testcase name="verifyTechnologyTitleTest" time="1.449" classname="com.bolt.ui.tests.BoltTestCases"/>
  <testcase name="verifyLoginButtonTest" time="0.156" classname="com.bolt.ui.tests.BoltTestCases"/>
  <testcase name="verifyInvalidLoginTest" time="3.739" classname="com.bolt.ui.tests.BoltTestCases">
    <failure type="java.lang.AssertionError" message="The following asserts failed:
	Actual URL is not same as expected URL expected [https://my.discoverorca.com/login] but found [https://www.discoverorca/feed/]">
      <![CDATA[java.lang.AssertionError: The following asserts failed:
Actual URL is not same as expected URL expected [https://my.discoverorca.com/login] but found [https://www.discoverorca/feed/]
at com.bolt.ui.tests.BoltTestCases.verifyInvalidLoginTest(BoltTestCases.java:75)
at java.util.ArrayList.forEach(Unknown Source)
... Removed 29 stack frames]]>
    </failure>
  </testcase> <!-- verifyInvalidLoginTest -->
</testsuite> <!-- Test -->
