<?xml version="1.0" encoding="UTF-8"?>
<!-- Generated by org.testng.reporters.JUnitXMLReporter -->
<testsuite hostname="LAPTOP-UFV4LUOB" ignored="0" name="Test" tests="5" failures="0" timestamp="2020-06-30T14:16:41 EDT" time="81.28" errors="0">
  <testcase name="verifyTitleTest" time="0.049" classname="com.bolt.ui.tests.BoltTestCases"/>
  <testcase name="verifyTourTitleTest" time="3.49" classname="com.bolt.ui.tests.BoltTestCases"/>
  <testcase name="verifyTechnologyTitleTest" time="4.674" classname="com.bolt.ui.tests.BoltTestCases"/>
  <testcase name="verifyLoginButtonTest" time="1.055" classname="com.bolt.ui.tests.BoltTestCases"/>
  <testcase name="verifyLoginTest" time="13.776" classname="com.bolt.ui.tests.BoltTestCases"/>
</testsuite> <!-- Test -->
