<?xml version="1.0" encoding="UTF-8"?>
<testng-results skipped="0" failed="0" total="5" passed="5">
  <reporter-output>
  </reporter-output>
  <suite name="Orca Test Suite" duration-ms="41789" started-at="2020-06-30T21:03:34Z" finished-at="2020-06-30T21:04:16Z">
    <groups>
    </groups>
    <test name="Test" duration-ms="41789" started-at="2020-06-30T21:03:34Z" finished-at="2020-06-30T21:04:16Z">
      <class name="com.bolt.ui.tests.BoltTestCases">
        <test-method status="PASS" signature="setUp()[pri:0, instance:com.bolt.ui.tests.BoltTestCases@282003e1]" name="setUp" is-config="true" duration-ms="25733" started-at="2020-06-30T17:03:34Z" finished-at="2020-06-30T17:04:00Z">
          <reporter-output>
          </reporter-output>
        </test-method> <!-- setUp -->
        <test-method status="PASS" signature="verifyTitleTest()[pri:0, instance:com.bolt.ui.tests.BoltTestCases@282003e1]" name="verifyTitleTest" duration-ms="29" started-at="2020-06-30T17:04:00Z" finished-at="2020-06-30T17:04:00Z">
          <reporter-output>
          </reporter-output>
        </test-method> <!-- verifyTitleTest -->
        <test-method status="PASS" signature="verifyTourTitleTest()[pri:0, instance:com.bolt.ui.tests.BoltTestCases@282003e1]" name="verifyTourTitleTest" duration-ms="4435" started-at="2020-06-30T17:04:00Z" finished-at="2020-06-30T17:04:04Z">
          <reporter-output>
          </reporter-output>
        </test-method> <!-- verifyTourTitleTest -->
        <test-method status="PASS" signature="verifyTechnologyTitleTest()[pri:0, instance:com.bolt.ui.tests.BoltTestCases@282003e1]" name="verifyTechnologyTitleTest" duration-ms="1914" started-at="2020-06-30T17:04:04Z" finished-at="2020-06-30T17:04:06Z">
          <reporter-output>
          </reporter-output>
        </test-method> <!-- verifyTechnologyTitleTest -->
        <test-method status="PASS" signature="verifyLoginButtonTest()[pri:0, instance:com.bolt.ui.tests.BoltTestCases@282003e1]" name="verifyLoginButtonTest" duration-ms="212" started-at="2020-06-30T17:04:06Z" finished-at="2020-06-30T17:04:06Z">
          <reporter-output>
          </reporter-output>
        </test-method> <!-- verifyLoginButtonTest -->
        <test-method status="PASS" signature="verifyLoginTest()[pri:0, instance:com.bolt.ui.tests.BoltTestCases@282003e1]" name="verifyLoginTest" duration-ms="7709" started-at="2020-06-30T17:04:06Z" finished-at="2020-06-30T17:04:14Z">
          <reporter-output>
          </reporter-output>
        </test-method> <!-- verifyLoginTest -->
        <test-method status="PASS" signature="endSetUp()[pri:0, instance:com.bolt.ui.tests.BoltTestCases@282003e1]" name="endSetUp" is-config="true" duration-ms="1696" started-at="2020-06-30T17:04:14Z" finished-at="2020-06-30T17:04:16Z">
          <reporter-output>
          </reporter-output>
        </test-method> <!-- endSetUp -->
      </class> <!-- com.bolt.ui.tests.BoltTestCases -->
    </test> <!-- Test -->
  </suite> <!-- Orca Test Suite -->
</testng-results>
